  AbstractBehaviour.cpp
  CameraBehaviour.cpp
C:\dev\vcpkg\vcpkg\installed\x86-windows\include\glm\detail\type_vec3.inl(286,14): error C2440: 'static_cast': cannot convert from 'U' to 'T'
          with
          [
              U=glm::mat4
          ]
          and
          [
              T=float
          ]
C:\dev\vcpkg\vcpkg\installed\x86-windows\include\glm\detail\type_vec3.inl(286,14): message : No user-defined-conversion operator available that can perform this conversion, or the operator cannot be called
C:\Uni\3Drendering\3D-Rendering\mge_v19_student_version(1)\mge_v19_student_version\src\mge\behaviours\CameraBehaviour.cpp(66,20): message : see reference to function template instantiation 'glm::vec<3,float,glm::packed_highp> &glm::vec<3,float,glm::packed_highp>::operator *=<glm::mat4>(U)' being compiled
          with
          [
              U=glm::mat4
          ]
C:\Uni\3Drendering\3D-Rendering\mge_v19_student_version(1)\mge_v19_student_version\src\mge\behaviours\CameraBehaviour.cpp(66,9): message : see reference to function template instantiation 'glm::vec<3,float,glm::packed_highp> &glm::vec<3,float,glm::packed_highp>::operator *=<glm::mat4>(U)' being compiled
          with
          [
              U=glm::mat4
          ]
C:\dev\vcpkg\vcpkg\installed\x86-windows\include\glm\detail\type_vec3.inl(287,14): error C2440: 'static_cast': cannot convert from 'U' to 'T'
          with
          [
              U=glm::mat4
          ]
          and
          [
              T=float
          ]
C:\dev\vcpkg\vcpkg\installed\x86-windows\include\glm\detail\type_vec3.inl(287,14): message : No user-defined-conversion operator available that can perform this conversion, or the operator cannot be called
C:\dev\vcpkg\vcpkg\installed\x86-windows\include\glm\detail\type_vec3.inl(288,14): error C2440: 'static_cast': cannot convert from 'U' to 'T'
          with
          [
              U=glm::mat4
          ]
          and
          [
              T=float
          ]
C:\dev\vcpkg\vcpkg\installed\x86-windows\include\glm\detail\type_vec3.inl(288,14): message : No user-defined-conversion operator available that can perform this conversion, or the operator cannot be called
  KeysBehaviour.cpp
  RotatingBehaviour.cpp
  AbstractGame.cpp
  Camera.cpp
  GameObject.cpp
  Light.cpp
  Mesh.cpp
  Renderer.cpp
  ShaderProgram.cpp
  Texture.cpp
  World.cpp
  AbstractMaterial.cpp
  ColorMaterial.cpp
  TextureMaterial.cpp
  MGEDemo.cpp
  DebugHud.cpp
  LightingScene.cpp
  main.cpp
  Compiling...
  TheScene.cpp
