  main.cpp
C:\Uni\3Drendering\3D-Rendering\lecture_1_samples+\lecture_1_samples+\006_programmable_pipeline_triangle_example_external_shaders\src\main.cpp(107,21): warning C4551: function call missing argument list
C:\Uni\3Drendering\3D-Rendering\lecture_1_samples+\lecture_1_samples+\006_programmable_pipeline_triangle_example_external_shaders\src\main.cpp(157,61): warning C4244: 'argument': conversion from 'T' to 'T', possible loss of data
          with
          [
              T=int
          ]
          and
          [
              T=float
          ]
C:\Uni\3Drendering\3D-Rendering\lecture_1_samples+\lecture_1_samples+\006_programmable_pipeline_triangle_example_external_shaders\src\main.cpp(157,49): warning C4244: 'argument': conversion from 'T' to 'T', possible loss of data
          with
          [
              T=int
          ]
          and
          [
              T=float
          ]
  mge.vcxproj -> C:\Uni\3Drendering\3D-Rendering\lecture_1_samples+\lecture_1_samples+\006_programmable_pipeline_triangle_example_external_shaders\_visual_studio\debug_dynamic_exe\sample.exe
