  main.cpp
C:\Users\mathi\source\repos\mge_v19_student_version(1)\mge_v19_student_version\src\mge\core\AbstractGame.hpp(5,10): fatal error C1083: Cannot open include file: 'GL/glew.h': No such file or directory
  AbstractBehaviour.cpp
  KeysBehaviour.cpp
C:\Users\mathi\source\repos\mge_v19_student_version(1)\mge_v19_student_version\src\glm.hpp(9,10): fatal error C1083: Cannot open include file: 'glm/glm.hpp': No such file or directory
  RotatingBehaviour.cpp
C:\Users\mathi\source\repos\mge_v19_student_version(1)\mge_v19_student_version\src\glm.hpp(9,10): fatal error C1083: Cannot open include file: 'glm/glm.hpp': No such file or directory
  AbstractGame.cpp
C:\Users\mathi\source\repos\mge_v19_student_version(1)\mge_v19_student_version\src\mge\core\AbstractGame.hpp(5,10): fatal error C1083: Cannot open include file: 'GL/glew.h': No such file or directory
  Camera.cpp
C:\Users\mathi\source\repos\mge_v19_student_version(1)\mge_v19_student_version\src\glm.hpp(9,10): fatal error C1083: Cannot open include file: 'glm/glm.hpp': No such file or directory
  GameObject.cpp
C:\Users\mathi\source\repos\mge_v19_student_version(1)\mge_v19_student_version\src\glm.hpp(9,10): fatal error C1083: Cannot open include file: 'glm/glm.hpp': No such file or directory
  Light.cpp
C:\Users\mathi\source\repos\mge_v19_student_version(1)\mge_v19_student_version\src\glm.hpp(9,10): fatal error C1083: Cannot open include file: 'glm/glm.hpp': No such file or directory
  Mesh.cpp
C:\Users\mathi\source\repos\mge_v19_student_version(1)\mge_v19_student_version\src\mge\core\Mesh.hpp(5,10): fatal error C1083: Cannot open include file: 'GL/glew.h': No such file or directory
  Renderer.cpp
C:\Users\mathi\source\repos\mge_v19_student_version(1)\mge_v19_student_version\src\mge\core\Renderer.hpp(4,10): fatal error C1083: Cannot open include file: 'GL/glew.h': No such file or directory
  ShaderProgram.cpp
C:\Users\mathi\source\repos\mge_v19_student_version(1)\mge_v19_student_version\src\mge\core\ShaderProgram.hpp(4,10): fatal error C1083: Cannot open include file: 'GL/glew.h': No such file or directory
  Texture.cpp
C:\Users\mathi\source\repos\mge_v19_student_version(1)\mge_v19_student_version\src\mge\core\Texture.hpp(6,10): fatal error C1083: Cannot open include file: 'GL/glew.h': No such file or directory
  World.cpp
C:\Users\mathi\source\repos\mge_v19_student_version(1)\mge_v19_student_version\src\glm.hpp(9,10): fatal error C1083: Cannot open include file: 'glm/glm.hpp': No such file or directory
  AbstractMaterial.cpp
C:\Users\mathi\source\repos\mge_v19_student_version(1)\mge_v19_student_version\src\glm.hpp(9,10): fatal error C1083: Cannot open include file: 'glm/glm.hpp': No such file or directory
  ColorMaterial.cpp
C:\Users\mathi\source\repos\mge_v19_student_version(1)\mge_v19_student_version\src\glm.hpp(9,10): fatal error C1083: Cannot open include file: 'glm/glm.hpp': No such file or directory
  TextureMaterial.cpp
C:\Users\mathi\source\repos\mge_v19_student_version(1)\mge_v19_student_version\src\glm.hpp(9,10): fatal error C1083: Cannot open include file: 'glm/glm.hpp': No such file or directory
  MGEDemo.cpp
C:\Users\mathi\source\repos\mge_v19_student_version(1)\mge_v19_student_version\src\glm.hpp(9,10): fatal error C1083: Cannot open include file: 'glm/glm.hpp': No such file or directory
  DebugHud.cpp
C:\Users\mathi\source\repos\mge_v19_student_version(1)\mge_v19_student_version\src\mge\util\DebugHud.cpp(4,10): fatal error C1083: Cannot open include file: 'GL/glew.h': No such file or directory
  Generating Code...
